2021-11-03 01:48:41 *NORMAL*     Started on Windows 10.0.0.19041 x64. Driver status: 0xC0000225
2021-11-03 01:48:42 *CRITICAL*   Injection initiated. Mode: 0, process type: 0, pid: 19928, mmap flags: 0x0, erasePE: 0, unlink: 0, thread hijack: 0, init routine: '', init arg: ''
2021-11-03 01:48:42 *CRITICAL*   Injecting image 'C:\Users\Maurice\Desktop\ChaN MenU\Build\Release\ChaN MenU.dll'

2021-11-03 02:40:45 *NORMAL*     Started on Windows 10.0.0.19041 x64. Driver status: 0xC0000225
2021-11-03 02:40:45 *CRITICAL*   Injection initiated. Mode: 0, process type: 0, pid: 19928, mmap flags: 0x0, erasePE: 0, unlink: 0, thread hijack: 0, init routine: '', init arg: ''
2021-11-03 02:40:45 *CRITICAL*   Injecting image 'C:\Users\Maurice\Desktop\ChaN MenU\Build\Release\ChaN MenU.dll'

2021-11-03 02:42:14 *NORMAL*     Started on Windows 10.0.0.19041 x64. Driver status: 0xC0000225
2021-11-03 02:42:14 *CRITICAL*   Injection initiated. Mode: 0, process type: 0, pid: 19928, mmap flags: 0x0, erasePE: 0, unlink: 0, thread hijack: 0, init routine: '', init arg: ''
2021-11-03 02:42:14 *CRITICAL*   Injecting image 'C:\Users\Maurice\Desktop\ChaN MenU\Build\Release\ChaN MenU.dll'
2021-11-03 02:42:14 *ERROR*      Failed to inject image using default injection, status: 0xC000010E
2021-11-03 02:42:14 *ERROR*      Failed to inject image 'C:\Users\Maurice\Desktop\ChaN MenU\Build\Release\ChaN MenU.dll'.
Error code 0xC000010E

2021-11-03 02:44:51 *NORMAL*     Started on Windows 10.0.0.19041 x64. Driver status: 0xC0000225
2021-11-03 02:44:51 *CRITICAL*   Injection initiated. Mode: 0, process type: 0, pid: 0, mmap flags: 0x0, erasePE: 0, unlink: 0, thread hijack: 0, init routine: '', init arg: ''
2021-11-03 02:44:51 *ERROR*      Can not attach to the process.
Eine unzulässige Clientkennung wurde angegeben.


2021-11-03 03:07:34 *NORMAL*     Started on Windows 10.0.0.19041 x64. Driver status: 0xC0000225
2021-11-03 03:07:34 *CRITICAL*   Injection initiated. Mode: 0, process type: 0, pid: 0, mmap flags: 0x0, erasePE: 0, unlink: 0, thread hijack: 0, init routine: '', init arg: ''
2021-11-03 03:07:34 *ERROR*      Can not attach to the process.
Eine unzulässige Clientkennung wurde angegeben.


2021-11-03 03:11:27 *NORMAL*     Started on Windows 10.0.0.19041 x64. Driver status: 0xC0000225
2021-11-03 03:11:27 *CRITICAL*   Injection initiated. Mode: 0, process type: 0, pid: 0, mmap flags: 0x0, erasePE: 0, unlink: 0, thread hijack: 0, init routine: '', init arg: ''
2021-11-03 03:11:27 *ERROR*      Can not attach to the process.
Eine unzulässige Clientkennung wurde angegeben.


2021-11-03 03:13:44 *NORMAL*     Started on Windows 10.0.0.19041 x64. Driver status: 0xC0000225
2021-11-03 03:13:44 *CRITICAL*   Injection initiated. Mode: 0, process type: 0, pid: 0, mmap flags: 0x0, erasePE: 0, unlink: 0, thread hijack: 0, init routine: '', init arg: ''
2021-11-03 03:13:44 *ERROR*      Can not attach to the process.
Eine unzulässige Clientkennung wurde angegeben.


2021-11-03 03:15:47 *NORMAL*     Started on Windows 10.0.0.19041 x64. Driver status: 0xC0000225
2021-11-03 03:15:47 *CRITICAL*   Injection initiated. Mode: 0, process type: 0, pid: 272, mmap flags: 0x0, erasePE: 0, unlink: 0, thread hijack: 0, init routine: '', init arg: ''
2021-11-03 03:15:47 *CRITICAL*   Injecting image 'C:\Users\Maurice\Desktop\ChaN MenU\Build\Release\ChaN MenU.dll'

